<?xml version="1.0" encoding="UTF-8"?>
<testng-results ignored="0" total="1" passed="1" failed="0" skipped="0">
  <reporter-output>
  </reporter-output>
  <suite started-at="2024-02-03T16:16:18 IST" name="Default suite" finished-at="2024-02-03T16:16:25 IST" duration-ms="7126">
    <groups>
    </groups>
    <test started-at="2024-02-03T16:16:18 IST" name="Default test" finished-at="2024-02-03T16:16:25 IST" duration-ms="7126">
      <class name="PoJoClassOfJsonData.SerializationAndDeserialization">
        <test-method signature="CreateJSONObjectFromEmployeeClassObject()[pri:0, instance:PoJoClassOfJsonData.SerializationAndDeserialization@6c64cb25]" started-at="2024-02-03T16:16:18 IST" name="CreateJSONObjectFromEmployeeClassObject" finished-at="2024-02-03T16:16:25 IST" duration-ms="7006" status="PASS">
          <reporter-output>
          </reporter-output>
        </test-method> <!-- CreateJSONObjectFromEmployeeClassObject -->
      </class> <!-- PoJoClassOfJsonData.SerializationAndDeserialization -->
    </test> <!-- Default test -->
  </suite> <!-- Default suite -->
</testng-results>
