<?xml version="1.0" encoding="UTF-8"?>
<testng-results ignored="0" total="1" passed="1" failed="0" skipped="0">
  <reporter-output>
  </reporter-output>
  <suite started-at="2024-01-29T12:49:21 IST" name="Default suite" finished-at="2024-01-29T12:49:26 IST" duration-ms="5762">
    <groups>
    </groups>
    <test started-at="2024-01-29T12:49:21 IST" name="Default test" finished-at="2024-01-29T12:49:26 IST" duration-ms="5762">
      <class name="PoJoClassOfJsonData.SerializationAndDeserialization">
        <test-method signature="CreateJSONObjectFromEmployeeClassObject()[pri:0, instance:PoJoClassOfJsonData.SerializationAndDeserialization@323b36e0]" started-at="2024-01-29T12:49:21 IST" name="CreateJSONObjectFromEmployeeClassObject" finished-at="2024-01-29T12:49:26 IST" duration-ms="5646" status="PASS">
          <reporter-output>
          </reporter-output>
        </test-method> <!-- CreateJSONObjectFromEmployeeClassObject -->
      </class> <!-- PoJoClassOfJsonData.SerializationAndDeserialization -->
    </test> <!-- Default test -->
  </suite> <!-- Default suite -->
</testng-results>
